The system is: Linux - 4.19.85-1-MANJARO - x86_64
Compiling the C compiler identification source file "CMakeCCompilerId.c" succeeded.
Compiler: /bin/gcc-7 
Build flags: 
Id flags:  

The output was:
0


Compilation of the C compiler identification source "CMakeCCompilerId.c" produced "a.out"

The C compiler identification is GNU, found in "/home/lciwxzr/workspace/Cpp/post_treatment/build/CMakeFiles/3.15.5/CompilerIdC/a.out"

Compiling the CXX compiler identification source file "CMakeCXXCompilerId.cpp" succeeded.
Compiler: /bin/g++-7 
Build flags: 
Id flags:  

The output was:
0


Compilation of the CXX compiler identification source "CMakeCXXCompilerId.cpp" produced "a.out"

The CXX compiler identification is GNU, found in "/home/lciwxzr/workspace/Cpp/post_treatment/build/CMakeFiles/3.15.5/CompilerIdCXX/a.out"

Determining if the C compiler works passed with the following output:
Change Dir: /home/lciwxzr/workspace/Cpp/post_treatment/build/CMakeFiles/CMakeTmp

Run Build Command(s):/usr/bin/make cmTC_ad6c3/fast && /usr/bin/make -f CMakeFiles/cmTC_ad6c3.dir/build.make CMakeFiles/cmTC_ad6c3.dir/build
make[1]: Entering directory '/home/lciwxzr/workspace/Cpp/post_treatment/build/CMakeFiles/CMakeTmp'
Building C object CMakeFiles/cmTC_ad6c3.dir/testCCompiler.c.o
/bin/gcc-7    -o CMakeFiles/cmTC_ad6c3.dir/testCCompiler.c.o   -c /home/lciwxzr/workspace/Cpp/post_treatment/build/CMakeFiles/CMakeTmp/testCCompiler.c
Linking C executable cmTC_ad6c3
/usr/bin/cmake -E cmake_link_script CMakeFiles/cmTC_ad6c3.dir/link.txt --verbose=1
/bin/gcc-7      -rdynamic CMakeFiles/cmTC_ad6c3.dir/testCCompiler.c.o  -o cmTC_ad6c3 
make[1]: Leaving directory '/home/lciwxzr/workspace/Cpp/post_treatment/build/CMakeFiles/CMakeTmp'



Detecting C compiler ABI info compiled with the following output:
Change Dir: /home/lciwxzr/workspace/Cpp/post_treatment/build/CMakeFiles/CMakeTmp

Run Build Command(s):/usr/bin/make cmTC_404e5/fast && /usr/bin/make -f CMakeFiles/cmTC_404e5.dir/build.make CMakeFiles/cmTC_404e5.dir/build
make[1]: Entering directory '/home/lciwxzr/workspace/Cpp/post_treatment/build/CMakeFiles/CMakeTmp'
Building C object CMakeFiles/cmTC_404e5.dir/CMakeCCompilerABI.c.o
/bin/gcc-7   -v -o CMakeFiles/cmTC_404e5.dir/CMakeCCompilerABI.c.o   -c /usr/share/cmake-3.15/Modules/CMakeCCompilerABI.c
Using built-in specs.
COLLECT_GCC=/bin/gcc-7
Target: x86_64-pc-linux-gnu
Configured with: /var/tmp/pamac-build-lciwxzr/gcc7/src/gcc/configure --prefix=/usr --libdir=/usr/lib --libexecdir=/usr/lib --mandir=/usr/share/man --infodir=/usr/share/info --with-bugurl=https://bugs.archlinux.org/ --enable-languages=c,c++,fortran,lto --disable-multilib --enable-shared --enable-threads=posix --enable-libmpx --with-system-zlib --with-isl --enable-__cxa_atexit --disable-libunwind-exceptions --enable-clocale=gnu --disable-libstdcxx-pch --disable-libssp --enable-gnu-unique-object --enable-linker-build-id --enable-lto --enable-plugin --enable-install-libiberty --with-linker-hash-style=gnu --enable-gnu-indirect-function --disable-werror --enable-checking=release --enable-default-pie --enable-default-ssp --program-suffix=-7 --enable-version-specific-runtime-libs
Thread model: posix
gcc version 7.4.1 20181207 (GCC) 
COLLECT_GCC_OPTIONS='-v' '-o' 'CMakeFiles/cmTC_404e5.dir/CMakeCCompilerABI.c.o' '-c' '-mtune=generic' '-march=x86-64'
 /usr/lib/gcc/x86_64-pc-linux-gnu/7.4.1/cc1 -quiet -v /usr/share/cmake-3.15/Modules/CMakeCCompilerABI.c -quiet -dumpbase CMakeCCompilerABI.c -mtune=generic -march=x86-64 -auxbase-strip CMakeFiles/cmTC_404e5.dir/CMakeCCompilerABI.c.o -version -o /tmp/ccMyC9xL.s
GNU C11 (GCC) version 7.4.1 20181207 (x86_64-pc-linux-gnu)
	compiled by GNU C version 7.4.1 20181207, GMP version 6.1.2, MPFR version 4.0.2, MPC version 1.1.0, isl version isl-0.18-GMP

GGC heuristics: --param ggc-min-expand=100 --param ggc-min-heapsize=131072
ignoring nonexistent directory "/usr/lib/gcc/x86_64-pc-linux-gnu/7.4.1/../../../../x86_64-pc-linux-gnu/include"
#include "..." search starts here:
#include <...> search starts here:
 /usr/lib/gcc/x86_64-pc-linux-gnu/7.4.1/include
 /usr/local/include
 /usr/lib/gcc/x86_64-pc-linux-gnu/7.4.1/include-fixed
 /usr/include
End of search list.
GNU C11 (GCC) version 7.4.1 20181207 (x86_64-pc-linux-gnu)
	compiled by GNU C version 7.4.1 20181207, GMP version 6.1.2, MPFR version 4.0.2, MPC version 1.1.0, isl version isl-0.18-GMP

GGC heuristics: --param ggc-min-expand=100 --param ggc-min-heapsize=131072
Compiler executable checksum: 0bcd9a6198b4298dec60d6c70548dca6
COLLECT_GCC_OPTIONS='-v' '-o' 'CMakeFiles/cmTC_404e5.dir/CMakeCCompilerABI.c.o' '-c' '-mtune=generic' '-march=x86-64'
 as -v --64 -o CMakeFiles/cmTC_404e5.dir/CMakeCCompilerABI.c.o /tmp/ccMyC9xL.s
GNU assembler version 2.33.1 (x86_64-pc-linux-gnu) using BFD version (GNU Binutils) 2.33.1
COMPILER_PATH=/usr/lib/gcc/x86_64-pc-linux-gnu/7.4.1/:/usr/lib/gcc/x86_64-pc-linux-gnu/7.4.1/:/usr/lib/gcc/x86_64-pc-linux-gnu/:/usr/lib/gcc/x86_64-pc-linux-gnu/7.4.1/:/usr/lib/gcc/x86_64-pc-linux-gnu/
LIBRARY_PATH=/usr/lib/gcc/x86_64-pc-linux-gnu/7.4.1/:/usr/lib/gcc/x86_64-pc-linux-gnu/7.4.1/../../../../lib/:/lib/../lib/:/usr/lib/../lib/:/usr/lib/gcc/x86_64-pc-linux-gnu/7.4.1/../../../:/lib/:/usr/lib/
COLLECT_GCC_OPTIONS='-v' '-o' 'CMakeFiles/cmTC_404e5.dir/CMakeCCompilerABI.c.o' '-c' '-mtune=generic' '-march=x86-64'
Linking C executable cmTC_404e5
/usr/bin/cmake -E cmake_link_script CMakeFiles/cmTC_404e5.dir/link.txt --verbose=1
/bin/gcc-7     -v -rdynamic CMakeFiles/cmTC_404e5.dir/CMakeCCompilerABI.c.o  -o cmTC_404e5 
Using built-in specs.
COLLECT_GCC=/bin/gcc-7
COLLECT_LTO_WRAPPER=/usr/lib/gcc/x86_64-pc-linux-gnu/7.4.1/lto-wrapper
Target: x86_64-pc-linux-gnu
Configured with: /var/tmp/pamac-build-lciwxzr/gcc7/src/gcc/configure --prefix=/usr --libdir=/usr/lib --libexecdir=/usr/lib --mandir=/usr/share/man --infodir=/usr/share/info --with-bugurl=https://bugs.archlinux.org/ --enable-languages=c,c++,fortran,lto --disable-multilib --enable-shared --enable-threads=posix --enable-libmpx --with-system-zlib --with-isl --enable-__cxa_atexit --disable-libunwind-exceptions --enable-clocale=gnu --disable-libstdcxx-pch --disable-libssp --enable-gnu-unique-object --enable-linker-build-id --enable-lto --enable-plugin --enable-install-libiberty --with-linker-hash-style=gnu --enable-gnu-indirect-function --disable-werror --enable-checking=release --enable-default-pie --enable-default-ssp --program-suffix=-7 --enable-version-specific-runtime-libs
Thread model: posix
gcc version 7.4.1 20181207 (GCC) 
COMPILER_PATH=/usr/lib/gcc/x86_64-pc-linux-gnu/7.4.1/:/usr/lib/gcc/x86_64-pc-linux-gnu/7.4.1/:/usr/lib/gcc/x86_64-pc-linux-gnu/:/usr/lib/gcc/x86_64-pc-linux-gnu/7.4.1/:/usr/lib/gcc/x86_64-pc-linux-gnu/
LIBRARY_PATH=/usr/lib/gcc/x86_64-pc-linux-gnu/7.4.1/:/usr/lib/gcc/x86_64-pc-linux-gnu/7.4.1/../../../../lib/:/lib/../lib/:/usr/lib/../lib/:/usr/lib/gcc/x86_64-pc-linux-gnu/7.4.1/../../../:/lib/:/usr/lib/
COLLECT_GCC_OPTIONS='-v' '-rdynamic' '-o' 'cmTC_404e5' '-mtune=generic' '-march=x86-64'
 /usr/lib/gcc/x86_64-pc-linux-gnu/7.4.1/collect2 -plugin /usr/lib/gcc/x86_64-pc-linux-gnu/7.4.1/liblto_plugin.so -plugin-opt=/usr/lib/gcc/x86_64-pc-linux-gnu/7.4.1/lto-wrapper -plugin-opt=-fresolution=/tmp/ccwgkDu7.res -plugin-opt=-pass-through=-lgcc -plugin-opt=-pass-through=-lgcc_s -plugin-opt=-pass-through=-lc -plugin-opt=-pass-through=-lgcc -plugin-opt=-pass-through=-lgcc_s --build-id --eh-frame-hdr --hash-style=gnu -m elf_x86_64 -export-dynamic -dynamic-linker /lib64/ld-linux-x86-64.so.2 -pie -o cmTC_404e5 /usr/lib/gcc/x86_64-pc-linux-gnu/7.4.1/../../../../lib/Scrt1.o /usr/lib/gcc/x86_64-pc-linux-gnu/7.4.1/../../../../lib/crti.o /usr/lib/gcc/x86_64-pc-linux-gnu/7.4.1/crtbeginS.o -L/usr/lib/gcc/x86_64-pc-linux-gnu/7.4.1 -L/usr/lib/gcc/x86_64-pc-linux-gnu/7.4.1/../../../../lib -L/lib/../lib -L/usr/lib/../lib -L/usr/lib/gcc/x86_64-pc-linux-gnu/7.4.1/../../.. CMakeFiles/cmTC_404e5.dir/CMakeCCompilerABI.c.o -lgcc --as-needed -lgcc_s --no-as-needed -lc -lgcc --as-needed -lgcc_s --no-as-needed /usr/lib/gcc/x86_64-pc-linux-gnu/7.4.1/crtendS.o /usr/lib/gcc/x86_64-pc-linux-gnu/7.4.1/../../../../lib/crtn.o
COLLECT_GCC_OPTIONS='-v' '-rdynamic' '-o' 'cmTC_404e5' '-mtune=generic' '-march=x86-64'
make[1]: Leaving directory '/home/lciwxzr/workspace/Cpp/post_treatment/build/CMakeFiles/CMakeTmp'



Parsed C implicit include dir info from above output: rv=done
  found start of include info
  found start of implicit include info
    add: [/usr/lib/gcc/x86_64-pc-linux-gnu/7.4.1/include]
    add: [/usr/local/include]
    add: [/usr/lib/gcc/x86_64-pc-linux-gnu/7.4.1/include-fixed]
    add: [/usr/include]
  end of search list found
  collapse include dir [/usr/lib/gcc/x86_64-pc-linux-gnu/7.4.1/include] ==> [/usr/lib/gcc/x86_64-pc-linux-gnu/7.4.1/include]
  collapse include dir [/usr/local/include] ==> [/usr/local/include]
  collapse include dir [/usr/lib/gcc/x86_64-pc-linux-gnu/7.4.1/include-fixed] ==> [/usr/lib/gcc/x86_64-pc-linux-gnu/7.4.1/include-fixed]
  collapse include dir [/usr/include] ==> [/usr/include]
  implicit include dirs: [/usr/lib/gcc/x86_64-pc-linux-gnu/7.4.1/include;/usr/local/include;/usr/lib/gcc/x86_64-pc-linux-gnu/7.4.1/include-fixed;/usr/include]


Parsed C implicit link information from above output:
  link line regex: [^( *|.*[/\])(ld|CMAKE_LINK_STARTFILE-NOTFOUND|([^/\]+-)?ld|collect2)[^/\]*( |$)]
  ignore line: [Change Dir: /home/lciwxzr/workspace/Cpp/post_treatment/build/CMakeFiles/CMakeTmp]
  ignore line: []
  ignore line: [Run Build Command(s):/usr/bin/make cmTC_404e5/fast && /usr/bin/make -f CMakeFiles/cmTC_404e5.dir/build.make CMakeFiles/cmTC_404e5.dir/build]
  ignore line: [make[1]: Entering directory '/home/lciwxzr/workspace/Cpp/post_treatment/build/CMakeFiles/CMakeTmp']
  ignore line: [Building C object CMakeFiles/cmTC_404e5.dir/CMakeCCompilerABI.c.o]
  ignore line: [/bin/gcc-7   -v -o CMakeFiles/cmTC_404e5.dir/CMakeCCompilerABI.c.o   -c /usr/share/cmake-3.15/Modules/CMakeCCompilerABI.c]
  ignore line: [Using built-in specs.]
  ignore line: [COLLECT_GCC=/bin/gcc-7]
  ignore line: [Target: x86_64-pc-linux-gnu]
  ignore line: [Configured with: /var/tmp/pamac-build-lciwxzr/gcc7/src/gcc/configure --prefix=/usr --libdir=/usr/lib --libexecdir=/usr/lib --mandir=/usr/share/man --infodir=/usr/share/info --with-bugurl=https://bugs.archlinux.org/ --enable-languages=c,c++,fortran,lto --disable-multilib --enable-shared --enable-threads=posix --enable-libmpx --with-system-zlib --with-isl --enable-__cxa_atexit --disable-libunwind-exceptions --enable-clocale=gnu --disable-libstdcxx-pch --disable-libssp --enable-gnu-unique-object --enable-linker-build-id --enable-lto --enable-plugin --enable-install-libiberty --with-linker-hash-style=gnu --enable-gnu-indirect-function --disable-werror --enable-checking=release --enable-default-pie --enable-default-ssp --program-suffix=-7 --enable-version-specific-runtime-libs]
  ignore line: [Thread model: posix]
  ignore line: [gcc version 7.4.1 20181207 (GCC) ]
  ignore line: [COLLECT_GCC_OPTIONS='-v' '-o' 'CMakeFiles/cmTC_404e5.dir/CMakeCCompilerABI.c.o' '-c' '-mtune=generic' '-march=x86-64']
  ignore line: [ /usr/lib/gcc/x86_64-pc-linux-gnu/7.4.1/cc1 -quiet -v /usr/share/cmake-3.15/Modules/CMakeCCompilerABI.c -quiet -dumpbase CMakeCCompilerABI.c -mtune=generic -march=x86-64 -auxbase-strip CMakeFiles/cmTC_404e5.dir/CMakeCCompilerABI.c.o -version -o /tmp/ccMyC9xL.s]
  ignore line: [GNU C11 (GCC) version 7.4.1 20181207 (x86_64-pc-linux-gnu)]
  ignore line: [	compiled by GNU C version 7.4.1 20181207, GMP version 6.1.2, MPFR version 4.0.2, MPC version 1.1.0, isl version isl-0.18-GMP]
  ignore line: []
  ignore line: [GGC heuristics: --param ggc-min-expand=100 --param ggc-min-heapsize=131072]
  ignore line: [ignoring nonexistent directory "/usr/lib/gcc/x86_64-pc-linux-gnu/7.4.1/../../../../x86_64-pc-linux-gnu/include"]
  ignore line: [#include "..." search starts here:]
  ignore line: [#include <...> search starts here:]
  ignore line: [ /usr/lib/gcc/x86_64-pc-linux-gnu/7.4.1/include]
  ignore line: [ /usr/local/include]
  ignore line: [ /usr/lib/gcc/x86_64-pc-linux-gnu/7.4.1/include-fixed]
  ignore line: [ /usr/include]
  ignore line: [End of search list.]
  ignore line: [GNU C11 (GCC) version 7.4.1 20181207 (x86_64-pc-linux-gnu)]
  ignore line: [	compiled by GNU C version 7.4.1 20181207, GMP version 6.1.2, MPFR version 4.0.2, MPC version 1.1.0, isl version isl-0.18-GMP]
  ignore line: []
  ignore line: [GGC heuristics: --param ggc-min-expand=100 --param ggc-min-heapsize=131072]
  ignore line: [Compiler executable checksum: 0bcd9a6198b4298dec60d6c70548dca6]
  ignore line: [COLLECT_GCC_OPTIONS='-v' '-o' 'CMakeFiles/cmTC_404e5.dir/CMakeCCompilerABI.c.o' '-c' '-mtune=generic' '-march=x86-64']
  ignore line: [ as -v --64 -o CMakeFiles/cmTC_404e5.dir/CMakeCCompilerABI.c.o /tmp/ccMyC9xL.s]
  ignore line: [GNU assembler version 2.33.1 (x86_64-pc-linux-gnu) using BFD version (GNU Binutils) 2.33.1]
  ignore line: [COMPILER_PATH=/usr/lib/gcc/x86_64-pc-linux-gnu/7.4.1/:/usr/lib/gcc/x86_64-pc-linux-gnu/7.4.1/:/usr/lib/gcc/x86_64-pc-linux-gnu/:/usr/lib/gcc/x86_64-pc-linux-gnu/7.4.1/:/usr/lib/gcc/x86_64-pc-linux-gnu/]
  ignore line: [LIBRARY_PATH=/usr/lib/gcc/x86_64-pc-linux-gnu/7.4.1/:/usr/lib/gcc/x86_64-pc-linux-gnu/7.4.1/../../../../lib/:/lib/../lib/:/usr/lib/../lib/:/usr/lib/gcc/x86_64-pc-linux-gnu/7.4.1/../../../:/lib/:/usr/lib/]
  ignore line: [COLLECT_GCC_OPTIONS='-v' '-o' 'CMakeFiles/cmTC_404e5.dir/CMakeCCompilerABI.c.o' '-c' '-mtune=generic' '-march=x86-64']
  ignore line: [Linking C executable cmTC_404e5]
  ignore line: [/usr/bin/cmake -E cmake_link_script CMakeFiles/cmTC_404e5.dir/link.txt --verbose=1]
  ignore line: [/bin/gcc-7     -v -rdynamic CMakeFiles/cmTC_404e5.dir/CMakeCCompilerABI.c.o  -o cmTC_404e5 ]
  ignore line: [Using built-in specs.]
  ignore line: [COLLECT_GCC=/bin/gcc-7]
  ignore line: [COLLECT_LTO_WRAPPER=/usr/lib/gcc/x86_64-pc-linux-gnu/7.4.1/lto-wrapper]
  ignore line: [Target: x86_64-pc-linux-gnu]
  ignore line: [Configured with: /var/tmp/pamac-build-lciwxzr/gcc7/src/gcc/configure --prefix=/usr --libdir=/usr/lib --libexecdir=/usr/lib --mandir=/usr/share/man --infodir=/usr/share/info --with-bugurl=https://bugs.archlinux.org/ --enable-languages=c,c++,fortran,lto --disable-multilib --enable-shared --enable-threads=posix --enable-libmpx --with-system-zlib --with-isl --enable-__cxa_atexit --disable-libunwind-exceptions --enable-clocale=gnu --disable-libstdcxx-pch --disable-libssp --enable-gnu-unique-object --enable-linker-build-id --enable-lto --enable-plugin --enable-install-libiberty --with-linker-hash-style=gnu --enable-gnu-indirect-function --disable-werror --enable-checking=release --enable-default-pie --enable-default-ssp --program-suffix=-7 --enable-version-specific-runtime-libs]
  ignore line: [Thread model: posix]
  ignore line: [gcc version 7.4.1 20181207 (GCC) ]
  ignore line: [COMPILER_PATH=/usr/lib/gcc/x86_64-pc-linux-gnu/7.4.1/:/usr/lib/gcc/x86_64-pc-linux-gnu/7.4.1/:/usr/lib/gcc/x86_64-pc-linux-gnu/:/usr/lib/gcc/x86_64-pc-linux-gnu/7.4.1/:/usr/lib/gcc/x86_64-pc-linux-gnu/]
  ignore line: [LIBRARY_PATH=/usr/lib/gcc/x86_64-pc-linux-gnu/7.4.1/:/usr/lib/gcc/x86_64-pc-linux-gnu/7.4.1/../../../../lib/:/lib/../lib/:/usr/lib/../lib/:/usr/lib/gcc/x86_64-pc-linux-gnu/7.4.1/../../../:/lib/:/usr/lib/]
  ignore line: [COLLECT_GCC_OPTIONS='-v' '-rdynamic' '-o' 'cmTC_404e5' '-mtune=generic' '-march=x86-64']
  link line: [ /usr/lib/gcc/x86_64-pc-linux-gnu/7.4.1/collect2 -plugin /usr/lib/gcc/x86_64-pc-linux-gnu/7.4.1/liblto_plugin.so -plugin-opt=/usr/lib/gcc/x86_64-pc-linux-gnu/7.4.1/lto-wrapper -plugin-opt=-fresolution=/tmp/ccwgkDu7.res -plugin-opt=-pass-through=-lgcc -plugin-opt=-pass-through=-lgcc_s -plugin-opt=-pass-through=-lc -plugin-opt=-pass-through=-lgcc -plugin-opt=-pass-through=-lgcc_s --build-id --eh-frame-hdr --hash-style=gnu -m elf_x86_64 -export-dynamic -dynamic-linker /lib64/ld-linux-x86-64.so.2 -pie -o cmTC_404e5 /usr/lib/gcc/x86_64-pc-linux-gnu/7.4.1/../../../../lib/Scrt1.o /usr/lib/gcc/x86_64-pc-linux-gnu/7.4.1/../../../../lib/crti.o /usr/lib/gcc/x86_64-pc-linux-gnu/7.4.1/crtbeginS.o -L/usr/lib/gcc/x86_64-pc-linux-gnu/7.4.1 -L/usr/lib/gcc/x86_64-pc-linux-gnu/7.4.1/../../../../lib -L/lib/../lib -L/usr/lib/../lib -L/usr/lib/gcc/x86_64-pc-linux-gnu/7.4.1/../../.. CMakeFiles/cmTC_404e5.dir/CMakeCCompilerABI.c.o -lgcc --as-needed -lgcc_s --no-as-needed -lc -lgcc --as-needed -lgcc_s --no-as-needed /usr/lib/gcc/x86_64-pc-linux-gnu/7.4.1/crtendS.o /usr/lib/gcc/x86_64-pc-linux-gnu/7.4.1/../../../../lib/crtn.o]
    arg [/usr/lib/gcc/x86_64-pc-linux-gnu/7.4.1/collect2] ==> ignore
    arg [-plugin] ==> ignore
    arg [/usr/lib/gcc/x86_64-pc-linux-gnu/7.4.1/liblto_plugin.so] ==> ignore
    arg [-plugin-opt=/usr/lib/gcc/x86_64-pc-linux-gnu/7.4.1/lto-wrapper] ==> ignore
    arg [-plugin-opt=-fresolution=/tmp/ccwgkDu7.res] ==> ignore
    arg [-plugin-opt=-pass-through=-lgcc] ==> ignore
    arg [-plugin-opt=-pass-through=-lgcc_s] ==> ignore
    arg [-plugin-opt=-pass-through=-lc] ==> ignore
    arg [-plugin-opt=-pass-through=-lgcc] ==> ignore
    arg [-plugin-opt=-pass-through=-lgcc_s] ==> ignore
    arg [--build-id] ==> ignore
    arg [--eh-frame-hdr] ==> ignore
    arg [--hash-style=gnu] ==> ignore
    arg [-m] ==> ignore
    arg [elf_x86_64] ==> ignore
    arg [-export-dynamic] ==> ignore
    arg [-dynamic-linker] ==> ignore
    arg [/lib64/ld-linux-x86-64.so.2] ==> ignore
    arg [-pie] ==> ignore
    arg [-o] ==> ignore
    arg [cmTC_404e5] ==> ignore
    arg [/usr/lib/gcc/x86_64-pc-linux-gnu/7.4.1/../../../../lib/Scrt1.o] ==> ignore
    arg [/usr/lib/gcc/x86_64-pc-linux-gnu/7.4.1/../../../../lib/crti.o] ==> ignore
    arg [/usr/lib/gcc/x86_64-pc-linux-gnu/7.4.1/crtbeginS.o] ==> ignore
    arg [-L/usr/lib/gcc/x86_64-pc-linux-gnu/7.4.1] ==> dir [/usr/lib/gcc/x86_64-pc-linux-gnu/7.4.1]
    arg [-L/usr/lib/gcc/x86_64-pc-linux-gnu/7.4.1/../../../../lib] ==> dir [/usr/lib/gcc/x86_64-pc-linux-gnu/7.4.1/../../../../lib]
    arg [-L/lib/../lib] ==> dir [/lib/../lib]
    arg [-L/usr/lib/../lib] ==> dir [/usr/lib/../lib]
    arg [-L/usr/lib/gcc/x86_64-pc-linux-gnu/7.4.1/../../..] ==> dir [/usr/lib/gcc/x86_64-pc-linux-gnu/7.4.1/../../..]
    arg [CMakeFiles/cmTC_404e5.dir/CMakeCCompilerABI.c.o] ==> ignore
    arg [-lgcc] ==> lib [gcc]
    arg [--as-needed] ==> ignore
    arg [-lgcc_s] ==> lib [gcc_s]
    arg [--no-as-needed] ==> ignore
    arg [-lc] ==> lib [c]
    arg [-lgcc] ==> lib [gcc]
    arg [--as-needed] ==> ignore
    arg [-lgcc_s] ==> lib [gcc_s]
    arg [--no-as-needed] ==> ignore
    arg [/usr/lib/gcc/x86_64-pc-linux-gnu/7.4.1/crtendS.o] ==> ignore
    arg [/usr/lib/gcc/x86_64-pc-linux-gnu/7.4.1/../../../../lib/crtn.o] ==> ignore
  collapse library dir [/usr/lib/gcc/x86_64-pc-linux-gnu/7.4.1] ==> [/usr/lib/gcc/x86_64-pc-linux-gnu/7.4.1]
  collapse library dir [/usr/lib/gcc/x86_64-pc-linux-gnu/7.4.1/../../../../lib] ==> [/usr/lib]
  collapse library dir [/lib/../lib] ==> [/lib]
  collapse library dir [/usr/lib/../lib] ==> [/usr/lib]
  collapse library dir [/usr/lib/gcc/x86_64-pc-linux-gnu/7.4.1/../../..] ==> [/usr/lib]
  implicit libs: [gcc;gcc_s;c;gcc;gcc_s]
  implicit dirs: [/usr/lib/gcc/x86_64-pc-linux-gnu/7.4.1;/usr/lib;/lib]
  implicit fwks: []


Determining if the CXX compiler works passed with the following output:
Change Dir: /home/lciwxzr/workspace/Cpp/post_treatment/build/CMakeFiles/CMakeTmp

Run Build Command(s):/usr/bin/make cmTC_751c4/fast && /usr/bin/make -f CMakeFiles/cmTC_751c4.dir/build.make CMakeFiles/cmTC_751c4.dir/build
make[1]: Entering directory '/home/lciwxzr/workspace/Cpp/post_treatment/build/CMakeFiles/CMakeTmp'
Building CXX object CMakeFiles/cmTC_751c4.dir/testCXXCompiler.cxx.o
/bin/g++-7     -o CMakeFiles/cmTC_751c4.dir/testCXXCompiler.cxx.o -c /home/lciwxzr/workspace/Cpp/post_treatment/build/CMakeFiles/CMakeTmp/testCXXCompiler.cxx
Linking CXX executable cmTC_751c4
/usr/bin/cmake -E cmake_link_script CMakeFiles/cmTC_751c4.dir/link.txt --verbose=1
/bin/g++-7       -rdynamic CMakeFiles/cmTC_751c4.dir/testCXXCompiler.cxx.o  -o cmTC_751c4 
make[1]: Leaving directory '/home/lciwxzr/workspace/Cpp/post_treatment/build/CMakeFiles/CMakeTmp'



Detecting CXX compiler ABI info compiled with the following output:
Change Dir: /home/lciwxzr/workspace/Cpp/post_treatment/build/CMakeFiles/CMakeTmp

Run Build Command(s):/usr/bin/make cmTC_b0d4f/fast && /usr/bin/make -f CMakeFiles/cmTC_b0d4f.dir/build.make CMakeFiles/cmTC_b0d4f.dir/build
make[1]: Entering directory '/home/lciwxzr/workspace/Cpp/post_treatment/build/CMakeFiles/CMakeTmp'
Building CXX object CMakeFiles/cmTC_b0d4f.dir/CMakeCXXCompilerABI.cpp.o
/bin/g++-7    -v -o CMakeFiles/cmTC_b0d4f.dir/CMakeCXXCompilerABI.cpp.o -c /usr/share/cmake-3.15/Modules/CMakeCXXCompilerABI.cpp
Using built-in specs.
COLLECT_GCC=/bin/g++-7
Target: x86_64-pc-linux-gnu
Configured with: /var/tmp/pamac-build-lciwxzr/gcc7/src/gcc/configure --prefix=/usr --libdir=/usr/lib --libexecdir=/usr/lib --mandir=/usr/share/man --infodir=/usr/share/info --with-bugurl=https://bugs.archlinux.org/ --enable-languages=c,c++,fortran,lto --disable-multilib --enable-shared --enable-threads=posix --enable-libmpx --with-system-zlib --with-isl --enable-__cxa_atexit --disable-libunwind-exceptions --enable-clocale=gnu --disable-libstdcxx-pch --disable-libssp --enable-gnu-unique-object --enable-linker-build-id --enable-lto --enable-plugin --enable-install-libiberty --with-linker-hash-style=gnu --enable-gnu-indirect-function --disable-werror --enable-checking=release --enable-default-pie --enable-default-ssp --program-suffix=-7 --enable-version-specific-runtime-libs
Thread model: posix
gcc version 7.4.1 20181207 (GCC) 
COLLECT_GCC_OPTIONS='-v' '-o' 'CMakeFiles/cmTC_b0d4f.dir/CMakeCXXCompilerABI.cpp.o' '-c' '-shared-libgcc' '-mtune=generic' '-march=x86-64'
 /usr/lib/gcc/x86_64-pc-linux-gnu/7.4.1/cc1plus -quiet -v -D_GNU_SOURCE /usr/share/cmake-3.15/Modules/CMakeCXXCompilerABI.cpp -quiet -dumpbase CMakeCXXCompilerABI.cpp -mtune=generic -march=x86-64 -auxbase-strip CMakeFiles/cmTC_b0d4f.dir/CMakeCXXCompilerABI.cpp.o -version -o /tmp/ccSmow6p.s
GNU C++14 (GCC) version 7.4.1 20181207 (x86_64-pc-linux-gnu)
	compiled by GNU C version 7.4.1 20181207, GMP version 6.1.2, MPFR version 4.0.2, MPC version 1.1.0, isl version isl-0.18-GMP

GGC heuristics: --param ggc-min-expand=100 --param ggc-min-heapsize=131072
ignoring nonexistent directory "/usr/lib/gcc/x86_64-pc-linux-gnu/7.4.1/../../../../x86_64-pc-linux-gnu/include"
#include "..." search starts here:
#include <...> search starts here:
 /usr/lib/gcc/x86_64-pc-linux-gnu/7.4.1/include/c++
 /usr/lib/gcc/x86_64-pc-linux-gnu/7.4.1/include/c++/x86_64-pc-linux-gnu
 /usr/lib/gcc/x86_64-pc-linux-gnu/7.4.1/include/c++/backward
 /usr/lib/gcc/x86_64-pc-linux-gnu/7.4.1/include
 /usr/local/include
 /usr/lib/gcc/x86_64-pc-linux-gnu/7.4.1/include-fixed
 /usr/include
End of search list.
GNU C++14 (GCC) version 7.4.1 20181207 (x86_64-pc-linux-gnu)
	compiled by GNU C version 7.4.1 20181207, GMP version 6.1.2, MPFR version 4.0.2, MPC version 1.1.0, isl version isl-0.18-GMP

GGC heuristics: --param ggc-min-expand=100 --param ggc-min-heapsize=131072
Compiler executable checksum: 1dc40593ab38adcd28def47617c86902
COLLECT_GCC_OPTIONS='-v' '-o' 'CMakeFiles/cmTC_b0d4f.dir/CMakeCXXCompilerABI.cpp.o' '-c' '-shared-libgcc' '-mtune=generic' '-march=x86-64'
 as -v --64 -o CMakeFiles/cmTC_b0d4f.dir/CMakeCXXCompilerABI.cpp.o /tmp/ccSmow6p.s
GNU assembler version 2.33.1 (x86_64-pc-linux-gnu) using BFD version (GNU Binutils) 2.33.1
COMPILER_PATH=/usr/lib/gcc/x86_64-pc-linux-gnu/7.4.1/:/usr/lib/gcc/x86_64-pc-linux-gnu/7.4.1/:/usr/lib/gcc/x86_64-pc-linux-gnu/:/usr/lib/gcc/x86_64-pc-linux-gnu/7.4.1/:/usr/lib/gcc/x86_64-pc-linux-gnu/
LIBRARY_PATH=/usr/lib/gcc/x86_64-pc-linux-gnu/7.4.1/:/usr/lib/gcc/x86_64-pc-linux-gnu/7.4.1/../../../../lib/:/lib/../lib/:/usr/lib/../lib/:/usr/lib/gcc/x86_64-pc-linux-gnu/7.4.1/../../../:/lib/:/usr/lib/
COLLECT_GCC_OPTIONS='-v' '-o' 'CMakeFiles/cmTC_b0d4f.dir/CMakeCXXCompilerABI.cpp.o' '-c' '-shared-libgcc' '-mtune=generic' '-march=x86-64'
Linking CXX executable cmTC_b0d4f
/usr/bin/cmake -E cmake_link_script CMakeFiles/cmTC_b0d4f.dir/link.txt --verbose=1
/bin/g++-7      -v -rdynamic CMakeFiles/cmTC_b0d4f.dir/CMakeCXXCompilerABI.cpp.o  -o cmTC_b0d4f 
Using built-in specs.
COLLECT_GCC=/bin/g++-7
COLLECT_LTO_WRAPPER=/usr/lib/gcc/x86_64-pc-linux-gnu/7.4.1/lto-wrapper
Target: x86_64-pc-linux-gnu
Configured with: /var/tmp/pamac-build-lciwxzr/gcc7/src/gcc/configure --prefix=/usr --libdir=/usr/lib --libexecdir=/usr/lib --mandir=/usr/share/man --infodir=/usr/share/info --with-bugurl=https://bugs.archlinux.org/ --enable-languages=c,c++,fortran,lto --disable-multilib --enable-shared --enable-threads=posix --enable-libmpx --with-system-zlib --with-isl --enable-__cxa_atexit --disable-libunwind-exceptions --enable-clocale=gnu --disable-libstdcxx-pch --disable-libssp --enable-gnu-unique-object --enable-linker-build-id --enable-lto --enable-plugin --enable-install-libiberty --with-linker-hash-style=gnu --enable-gnu-indirect-function --disable-werror --enable-checking=release --enable-default-pie --enable-default-ssp --program-suffix=-7 --enable-version-specific-runtime-libs
Thread model: posix
gcc version 7.4.1 20181207 (GCC) 
COMPILER_PATH=/usr/lib/gcc/x86_64-pc-linux-gnu/7.4.1/:/usr/lib/gcc/x86_64-pc-linux-gnu/7.4.1/:/usr/lib/gcc/x86_64-pc-linux-gnu/:/usr/lib/gcc/x86_64-pc-linux-gnu/7.4.1/:/usr/lib/gcc/x86_64-pc-linux-gnu/
LIBRARY_PATH=/usr/lib/gcc/x86_64-pc-linux-gnu/7.4.1/:/usr/lib/gcc/x86_64-pc-linux-gnu/7.4.1/../../../../lib/:/lib/../lib/:/usr/lib/../lib/:/usr/lib/gcc/x86_64-pc-linux-gnu/7.4.1/../../../:/lib/:/usr/lib/
COLLECT_GCC_OPTIONS='-v' '-rdynamic' '-o' 'cmTC_b0d4f' '-shared-libgcc' '-mtune=generic' '-march=x86-64'
 /usr/lib/gcc/x86_64-pc-linux-gnu/7.4.1/collect2 -plugin /usr/lib/gcc/x86_64-pc-linux-gnu/7.4.1/liblto_plugin.so -plugin-opt=/usr/lib/gcc/x86_64-pc-linux-gnu/7.4.1/lto-wrapper -plugin-opt=-fresolution=/tmp/cczcICxM.res -plugin-opt=-pass-through=-lgcc_s -plugin-opt=-pass-through=-lgcc -plugin-opt=-pass-through=-lc -plugin-opt=-pass-through=-lgcc_s -plugin-opt=-pass-through=-lgcc --build-id --eh-frame-hdr --hash-style=gnu -m elf_x86_64 -export-dynamic -dynamic-linker /lib64/ld-linux-x86-64.so.2 -pie -o cmTC_b0d4f /usr/lib/gcc/x86_64-pc-linux-gnu/7.4.1/../../../../lib/Scrt1.o /usr/lib/gcc/x86_64-pc-linux-gnu/7.4.1/../../../../lib/crti.o /usr/lib/gcc/x86_64-pc-linux-gnu/7.4.1/crtbeginS.o -L/usr/lib/gcc/x86_64-pc-linux-gnu/7.4.1 -L/usr/lib/gcc/x86_64-pc-linux-gnu/7.4.1/../../../../lib -L/lib/../lib -L/usr/lib/../lib -L/usr/lib/gcc/x86_64-pc-linux-gnu/7.4.1/../../.. CMakeFiles/cmTC_b0d4f.dir/CMakeCXXCompilerABI.cpp.o -lstdc++ -lm -lgcc_s -lgcc -lc -lgcc_s -lgcc /usr/lib/gcc/x86_64-pc-linux-gnu/7.4.1/crtendS.o /usr/lib/gcc/x86_64-pc-linux-gnu/7.4.1/../../../../lib/crtn.o
COLLECT_GCC_OPTIONS='-v' '-rdynamic' '-o' 'cmTC_b0d4f' '-shared-libgcc' '-mtune=generic' '-march=x86-64'
make[1]: Leaving directory '/home/lciwxzr/workspace/Cpp/post_treatment/build/CMakeFiles/CMakeTmp'



Parsed CXX implicit include dir info from above output: rv=done
  found start of include info
  found start of implicit include info
    add: [/usr/lib/gcc/x86_64-pc-linux-gnu/7.4.1/include/c++]
    add: [/usr/lib/gcc/x86_64-pc-linux-gnu/7.4.1/include/c++/x86_64-pc-linux-gnu]
    add: [/usr/lib/gcc/x86_64-pc-linux-gnu/7.4.1/include/c++/backward]
    add: [/usr/lib/gcc/x86_64-pc-linux-gnu/7.4.1/include]
    add: [/usr/local/include]
    add: [/usr/lib/gcc/x86_64-pc-linux-gnu/7.4.1/include-fixed]
    add: [/usr/include]
  end of search list found
  collapse include dir [/usr/lib/gcc/x86_64-pc-linux-gnu/7.4.1/include/c++] ==> [/usr/lib/gcc/x86_64-pc-linux-gnu/7.4.1/include/c++]
  collapse include dir [/usr/lib/gcc/x86_64-pc-linux-gnu/7.4.1/include/c++/x86_64-pc-linux-gnu] ==> [/usr/lib/gcc/x86_64-pc-linux-gnu/7.4.1/include/c++/x86_64-pc-linux-gnu]
  collapse include dir [/usr/lib/gcc/x86_64-pc-linux-gnu/7.4.1/include/c++/backward] ==> [/usr/lib/gcc/x86_64-pc-linux-gnu/7.4.1/include/c++/backward]
  collapse include dir [/usr/lib/gcc/x86_64-pc-linux-gnu/7.4.1/include] ==> [/usr/lib/gcc/x86_64-pc-linux-gnu/7.4.1/include]
  collapse include dir [/usr/local/include] ==> [/usr/local/include]
  collapse include dir [/usr/lib/gcc/x86_64-pc-linux-gnu/7.4.1/include-fixed] ==> [/usr/lib/gcc/x86_64-pc-linux-gnu/7.4.1/include-fixed]
  collapse include dir [/usr/include] ==> [/usr/include]
  implicit include dirs: [/usr/lib/gcc/x86_64-pc-linux-gnu/7.4.1/include/c++;/usr/lib/gcc/x86_64-pc-linux-gnu/7.4.1/include/c++/x86_64-pc-linux-gnu;/usr/lib/gcc/x86_64-pc-linux-gnu/7.4.1/include/c++/backward;/usr/lib/gcc/x86_64-pc-linux-gnu/7.4.1/include;/usr/local/include;/usr/lib/gcc/x86_64-pc-linux-gnu/7.4.1/include-fixed;/usr/include]


Parsed CXX implicit link information from above output:
  link line regex: [^( *|.*[/\])(ld|CMAKE_LINK_STARTFILE-NOTFOUND|([^/\]+-)?ld|collect2)[^/\]*( |$)]
  ignore line: [Change Dir: /home/lciwxzr/workspace/Cpp/post_treatment/build/CMakeFiles/CMakeTmp]
  ignore line: []
  ignore line: [Run Build Command(s):/usr/bin/make cmTC_b0d4f/fast && /usr/bin/make -f CMakeFiles/cmTC_b0d4f.dir/build.make CMakeFiles/cmTC_b0d4f.dir/build]
  ignore line: [make[1]: Entering directory '/home/lciwxzr/workspace/Cpp/post_treatment/build/CMakeFiles/CMakeTmp']
  ignore line: [Building CXX object CMakeFiles/cmTC_b0d4f.dir/CMakeCXXCompilerABI.cpp.o]
  ignore line: [/bin/g++-7    -v -o CMakeFiles/cmTC_b0d4f.dir/CMakeCXXCompilerABI.cpp.o -c /usr/share/cmake-3.15/Modules/CMakeCXXCompilerABI.cpp]
  ignore line: [Using built-in specs.]
  ignore line: [COLLECT_GCC=/bin/g++-7]
  ignore line: [Target: x86_64-pc-linux-gnu]
  ignore line: [Configured with: /var/tmp/pamac-build-lciwxzr/gcc7/src/gcc/configure --prefix=/usr --libdir=/usr/lib --libexecdir=/usr/lib --mandir=/usr/share/man --infodir=/usr/share/info --with-bugurl=https://bugs.archlinux.org/ --enable-languages=c,c++,fortran,lto --disable-multilib --enable-shared --enable-threads=posix --enable-libmpx --with-system-zlib --with-isl --enable-__cxa_atexit --disable-libunwind-exceptions --enable-clocale=gnu --disable-libstdcxx-pch --disable-libssp --enable-gnu-unique-object --enable-linker-build-id --enable-lto --enable-plugin --enable-install-libiberty --with-linker-hash-style=gnu --enable-gnu-indirect-function --disable-werror --enable-checking=release --enable-default-pie --enable-default-ssp --program-suffix=-7 --enable-version-specific-runtime-libs]
  ignore line: [Thread model: posix]
  ignore line: [gcc version 7.4.1 20181207 (GCC) ]
  ignore line: [COLLECT_GCC_OPTIONS='-v' '-o' 'CMakeFiles/cmTC_b0d4f.dir/CMakeCXXCompilerABI.cpp.o' '-c' '-shared-libgcc' '-mtune=generic' '-march=x86-64']
  ignore line: [ /usr/lib/gcc/x86_64-pc-linux-gnu/7.4.1/cc1plus -quiet -v -D_GNU_SOURCE /usr/share/cmake-3.15/Modules/CMakeCXXCompilerABI.cpp -quiet -dumpbase CMakeCXXCompilerABI.cpp -mtune=generic -march=x86-64 -auxbase-strip CMakeFiles/cmTC_b0d4f.dir/CMakeCXXCompilerABI.cpp.o -version -o /tmp/ccSmow6p.s]
  ignore line: [GNU C++14 (GCC) version 7.4.1 20181207 (x86_64-pc-linux-gnu)]
  ignore line: [	compiled by GNU C version 7.4.1 20181207, GMP version 6.1.2, MPFR version 4.0.2, MPC version 1.1.0, isl version isl-0.18-GMP]
  ignore line: []
  ignore line: [GGC heuristics: --param ggc-min-expand=100 --param ggc-min-heapsize=131072]
  ignore line: [ignoring nonexistent directory "/usr/lib/gcc/x86_64-pc-linux-gnu/7.4.1/../../../../x86_64-pc-linux-gnu/include"]
  ignore line: [#include "..." search starts here:]
  ignore line: [#include <...> search starts here:]
  ignore line: [ /usr/lib/gcc/x86_64-pc-linux-gnu/7.4.1/include/c++]
  ignore line: [ /usr/lib/gcc/x86_64-pc-linux-gnu/7.4.1/include/c++/x86_64-pc-linux-gnu]
  ignore line: [ /usr/lib/gcc/x86_64-pc-linux-gnu/7.4.1/include/c++/backward]
  ignore line: [ /usr/lib/gcc/x86_64-pc-linux-gnu/7.4.1/include]
  ignore line: [ /usr/local/include]
  ignore line: [ /usr/lib/gcc/x86_64-pc-linux-gnu/7.4.1/include-fixed]
  ignore line: [ /usr/include]
  ignore line: [End of search list.]
  ignore line: [GNU C++14 (GCC) version 7.4.1 20181207 (x86_64-pc-linux-gnu)]
  ignore line: [	compiled by GNU C version 7.4.1 20181207, GMP version 6.1.2, MPFR version 4.0.2, MPC version 1.1.0, isl version isl-0.18-GMP]
  ignore line: []
  ignore line: [GGC heuristics: --param ggc-min-expand=100 --param ggc-min-heapsize=131072]
  ignore line: [Compiler executable checksum: 1dc40593ab38adcd28def47617c86902]
  ignore line: [COLLECT_GCC_OPTIONS='-v' '-o' 'CMakeFiles/cmTC_b0d4f.dir/CMakeCXXCompilerABI.cpp.o' '-c' '-shared-libgcc' '-mtune=generic' '-march=x86-64']
  ignore line: [ as -v --64 -o CMakeFiles/cmTC_b0d4f.dir/CMakeCXXCompilerABI.cpp.o /tmp/ccSmow6p.s]
  ignore line: [GNU assembler version 2.33.1 (x86_64-pc-linux-gnu) using BFD version (GNU Binutils) 2.33.1]
  ignore line: [COMPILER_PATH=/usr/lib/gcc/x86_64-pc-linux-gnu/7.4.1/:/usr/lib/gcc/x86_64-pc-linux-gnu/7.4.1/:/usr/lib/gcc/x86_64-pc-linux-gnu/:/usr/lib/gcc/x86_64-pc-linux-gnu/7.4.1/:/usr/lib/gcc/x86_64-pc-linux-gnu/]
  ignore line: [LIBRARY_PATH=/usr/lib/gcc/x86_64-pc-linux-gnu/7.4.1/:/usr/lib/gcc/x86_64-pc-linux-gnu/7.4.1/../../../../lib/:/lib/../lib/:/usr/lib/../lib/:/usr/lib/gcc/x86_64-pc-linux-gnu/7.4.1/../../../:/lib/:/usr/lib/]
  ignore line: [COLLECT_GCC_OPTIONS='-v' '-o' 'CMakeFiles/cmTC_b0d4f.dir/CMakeCXXCompilerABI.cpp.o' '-c' '-shared-libgcc' '-mtune=generic' '-march=x86-64']
  ignore line: [Linking CXX executable cmTC_b0d4f]
  ignore line: [/usr/bin/cmake -E cmake_link_script CMakeFiles/cmTC_b0d4f.dir/link.txt --verbose=1]
  ignore line: [/bin/g++-7      -v -rdynamic CMakeFiles/cmTC_b0d4f.dir/CMakeCXXCompilerABI.cpp.o  -o cmTC_b0d4f ]
  ignore line: [Using built-in specs.]
  ignore line: [COLLECT_GCC=/bin/g++-7]
  ignore line: [COLLECT_LTO_WRAPPER=/usr/lib/gcc/x86_64-pc-linux-gnu/7.4.1/lto-wrapper]
  ignore line: [Target: x86_64-pc-linux-gnu]
  ignore line: [Configured with: /var/tmp/pamac-build-lciwxzr/gcc7/src/gcc/configure --prefix=/usr --libdir=/usr/lib --libexecdir=/usr/lib --mandir=/usr/share/man --infodir=/usr/share/info --with-bugurl=https://bugs.archlinux.org/ --enable-languages=c,c++,fortran,lto --disable-multilib --enable-shared --enable-threads=posix --enable-libmpx --with-system-zlib --with-isl --enable-__cxa_atexit --disable-libunwind-exceptions --enable-clocale=gnu --disable-libstdcxx-pch --disable-libssp --enable-gnu-unique-object --enable-linker-build-id --enable-lto --enable-plugin --enable-install-libiberty --with-linker-hash-style=gnu --enable-gnu-indirect-function --disable-werror --enable-checking=release --enable-default-pie --enable-default-ssp --program-suffix=-7 --enable-version-specific-runtime-libs]
  ignore line: [Thread model: posix]
  ignore line: [gcc version 7.4.1 20181207 (GCC) ]
  ignore line: [COMPILER_PATH=/usr/lib/gcc/x86_64-pc-linux-gnu/7.4.1/:/usr/lib/gcc/x86_64-pc-linux-gnu/7.4.1/:/usr/lib/gcc/x86_64-pc-linux-gnu/:/usr/lib/gcc/x86_64-pc-linux-gnu/7.4.1/:/usr/lib/gcc/x86_64-pc-linux-gnu/]
  ignore line: [LIBRARY_PATH=/usr/lib/gcc/x86_64-pc-linux-gnu/7.4.1/:/usr/lib/gcc/x86_64-pc-linux-gnu/7.4.1/../../../../lib/:/lib/../lib/:/usr/lib/../lib/:/usr/lib/gcc/x86_64-pc-linux-gnu/7.4.1/../../../:/lib/:/usr/lib/]
  ignore line: [COLLECT_GCC_OPTIONS='-v' '-rdynamic' '-o' 'cmTC_b0d4f' '-shared-libgcc' '-mtune=generic' '-march=x86-64']
  link line: [ /usr/lib/gcc/x86_64-pc-linux-gnu/7.4.1/collect2 -plugin /usr/lib/gcc/x86_64-pc-linux-gnu/7.4.1/liblto_plugin.so -plugin-opt=/usr/lib/gcc/x86_64-pc-linux-gnu/7.4.1/lto-wrapper -plugin-opt=-fresolution=/tmp/cczcICxM.res -plugin-opt=-pass-through=-lgcc_s -plugin-opt=-pass-through=-lgcc -plugin-opt=-pass-through=-lc -plugin-opt=-pass-through=-lgcc_s -plugin-opt=-pass-through=-lgcc --build-id --eh-frame-hdr --hash-style=gnu -m elf_x86_64 -export-dynamic -dynamic-linker /lib64/ld-linux-x86-64.so.2 -pie -o cmTC_b0d4f /usr/lib/gcc/x86_64-pc-linux-gnu/7.4.1/../../../../lib/Scrt1.o /usr/lib/gcc/x86_64-pc-linux-gnu/7.4.1/../../../../lib/crti.o /usr/lib/gcc/x86_64-pc-linux-gnu/7.4.1/crtbeginS.o -L/usr/lib/gcc/x86_64-pc-linux-gnu/7.4.1 -L/usr/lib/gcc/x86_64-pc-linux-gnu/7.4.1/../../../../lib -L/lib/../lib -L/usr/lib/../lib -L/usr/lib/gcc/x86_64-pc-linux-gnu/7.4.1/../../.. CMakeFiles/cmTC_b0d4f.dir/CMakeCXXCompilerABI.cpp.o -lstdc++ -lm -lgcc_s -lgcc -lc -lgcc_s -lgcc /usr/lib/gcc/x86_64-pc-linux-gnu/7.4.1/crtendS.o /usr/lib/gcc/x86_64-pc-linux-gnu/7.4.1/../../../../lib/crtn.o]
    arg [/usr/lib/gcc/x86_64-pc-linux-gnu/7.4.1/collect2] ==> ignore
    arg [-plugin] ==> ignore
    arg [/usr/lib/gcc/x86_64-pc-linux-gnu/7.4.1/liblto_plugin.so] ==> ignore
    arg [-plugin-opt=/usr/lib/gcc/x86_64-pc-linux-gnu/7.4.1/lto-wrapper] ==> ignore
    arg [-plugin-opt=-fresolution=/tmp/cczcICxM.res] ==> ignore
    arg [-plugin-opt=-pass-through=-lgcc_s] ==> ignore
    arg [-plugin-opt=-pass-through=-lgcc] ==> ignore
    arg [-plugin-opt=-pass-through=-lc] ==> ignore
    arg [-plugin-opt=-pass-through=-lgcc_s] ==> ignore
    arg [-plugin-opt=-pass-through=-lgcc] ==> ignore
    arg [--build-id] ==> ignore
    arg [--eh-frame-hdr] ==> ignore
    arg [--hash-style=gnu] ==> ignore
    arg [-m] ==> ignore
    arg [elf_x86_64] ==> ignore
    arg [-export-dynamic] ==> ignore
    arg [-dynamic-linker] ==> ignore
    arg [/lib64/ld-linux-x86-64.so.2] ==> ignore
    arg [-pie] ==> ignore
    arg [-o] ==> ignore
    arg [cmTC_b0d4f] ==> ignore
    arg [/usr/lib/gcc/x86_64-pc-linux-gnu/7.4.1/../../../../lib/Scrt1.o] ==> ignore
    arg [/usr/lib/gcc/x86_64-pc-linux-gnu/7.4.1/../../../../lib/crti.o] ==> ignore
    arg [/usr/lib/gcc/x86_64-pc-linux-gnu/7.4.1/crtbeginS.o] ==> ignore
    arg [-L/usr/lib/gcc/x86_64-pc-linux-gnu/7.4.1] ==> dir [/usr/lib/gcc/x86_64-pc-linux-gnu/7.4.1]
    arg [-L/usr/lib/gcc/x86_64-pc-linux-gnu/7.4.1/../../../../lib] ==> dir [/usr/lib/gcc/x86_64-pc-linux-gnu/7.4.1/../../../../lib]
    arg [-L/lib/../lib] ==> dir [/lib/../lib]
    arg [-L/usr/lib/../lib] ==> dir [/usr/lib/../lib]
    arg [-L/usr/lib/gcc/x86_64-pc-linux-gnu/7.4.1/../../..] ==> dir [/usr/lib/gcc/x86_64-pc-linux-gnu/7.4.1/../../..]
    arg [CMakeFiles/cmTC_b0d4f.dir/CMakeCXXCompilerABI.cpp.o] ==> ignore
    arg [-lstdc++] ==> lib [stdc++]
    arg [-lm] ==> lib [m]
    arg [-lgcc_s] ==> lib [gcc_s]
    arg [-lgcc] ==> lib [gcc]
    arg [-lc] ==> lib [c]
    arg [-lgcc_s] ==> lib [gcc_s]
    arg [-lgcc] ==> lib [gcc]
    arg [/usr/lib/gcc/x86_64-pc-linux-gnu/7.4.1/crtendS.o] ==> ignore
    arg [/usr/lib/gcc/x86_64-pc-linux-gnu/7.4.1/../../../../lib/crtn.o] ==> ignore
  collapse library dir [/usr/lib/gcc/x86_64-pc-linux-gnu/7.4.1] ==> [/usr/lib/gcc/x86_64-pc-linux-gnu/7.4.1]
  collapse library dir [/usr/lib/gcc/x86_64-pc-linux-gnu/7.4.1/../../../../lib] ==> [/usr/lib]
  collapse library dir [/lib/../lib] ==> [/lib]
  collapse library dir [/usr/lib/../lib] ==> [/usr/lib]
  collapse library dir [/usr/lib/gcc/x86_64-pc-linux-gnu/7.4.1/../../..] ==> [/usr/lib]
  implicit libs: [stdc++;m;gcc_s;gcc;c;gcc_s;gcc]
  implicit dirs: [/usr/lib/gcc/x86_64-pc-linux-gnu/7.4.1;/usr/lib;/lib]
  implicit fwks: []


